<?xml version="1.0" encoding="utf-8"?><testsuites name="pytest tests"><testsuite name="pytest" errors="0" failures="0" skipped="0" tests="34" time="8.778" timestamp="2026-03-14T00:25:59.084537+00:00" hostname="agent-env-62d9db50-7991-4ea4-a0c7-cc92f5594a8c"><testcase classname="tests.test_regression_v10.TestAuthEndpoints" name="test_auth_login_success" time="0.430" /><testcase classname="tests.test_regression_v10.TestAuthEndpoints" name="test_auth_login_invalid" time="0.054" /><testcase classname="tests.test_regression_v10.TestAuthEndpoints" name="test_auth_register_duplicate" time="0.055" /><testcase classname="tests.test_regression_v10.TestAuthEndpoints" name="test_auth_me" time="0.367" /><testcase classname="tests.test_regression_v10.TestAuthEndpoints" name="test_auth_me_no_token" time="0.049" /><testcase classname="tests.test_regression_v10.TestCategoriesEndpoints" name="test_get_categories" time="0.053" /><testcase classname="tests.test_regression_v10.TestCategoriesEndpoints" name="test_get_category_by_slug" time="0.061" /><testcase classname="tests.test_regression_v10.TestCategoriesEndpoints" name="test_get_category_not_found" time="0.057" /><testcase classname="tests.test_regression_v10.TestPostsEndpoints" name="test_get_posts" time="0.071" /><testcase classname="tests.test_regression_v10.TestPostsEndpoints" name="test_get_popular_posts" time="0.052" /><testcase classname="tests.test_regression_v10.TestPostsEndpoints" name="test_get_post_by_id" time="0.106" /><testcase classname="tests.test_regression_v10.TestPostsEndpoints" name="test_get_post_not_found" time="0.051" /><testcase classname="tests.test_regression_v10.TestPostsEndpoints" name="test_get_related_posts" time="0.114" /><testcase classname="tests.test_regression_v10.TestPostsEndpoints" name="test_create_post_as_user" time="5.136" /><testcase classname="tests.test_regression_v10.TestPostsEndpoints" name="test_like_post_toggle" time="0.401" /><testcase classname="tests.test_regression_v10.TestPostsEndpoints" name="test_check_liked_status" time="0.116" /><testcase classname="tests.test_regression_v10.TestCommentsEndpoints" name="test_get_comments" time="0.124" /><testcase classname="tests.test_regression_v10.TestCommentsEndpoints" name="test_create_comment" time="0.393" /><testcase classname="tests.test_regression_v10.TestPartnersEndpoints" name="test_search_users_requires_auth" time="0.049" /><testcase classname="tests.test_regression_v10.TestPartnersEndpoints" name="test_search_users" time="0.051" /><testcase classname="tests.test_regression_v10.TestPartnersEndpoints" name="test_get_partners" time="0.055" /><testcase classname="tests.test_regression_v10.TestPartnersEndpoints" name="test_get_partner_requests" time="0.064" /><testcase classname="tests.test_regression_v10.TestNewsletterEndpoints" name="test_newsletter_subscribe" time="0.090" /><testcase classname="tests.test_regression_v10.TestNewsletterEndpoints" name="test_newsletter_unsubscribe" time="0.060" /><testcase classname="tests.test_regression_v10.TestAdminEndpoints" name="test_admin_stats" time="0.068" /><testcase classname="tests.test_regression_v10.TestAdminEndpoints" name="test_admin_stats_requires_admin" time="0.057" /><testcase classname="tests.test_regression_v10.TestAdminEndpoints" name="test_admin_digest_status" time="0.064" /><testcase classname="tests.test_regression_v10.TestAdminEndpoints" name="test_admin_analytics" time="0.062" /><testcase classname="tests.test_regression_v10.TestTrackingEndpoints" name="test_track_open_pixel" time="0.060" /><testcase classname="tests.test_regression_v10.TestTrackingEndpoints" name="test_track_click_redirect" time="0.061" /><testcase classname="tests.test_regression_v10.TestMiscEndpoints" name="test_stats_endpoint" time="0.060" /><testcase classname="tests.test_regression_v10.TestProfileEndpoints" name="test_profile_posts" time="0.060" /><testcase classname="tests.test_regression_v10.TestProfileEndpoints" name="test_profile_interactions" time="0.060" /><testcase classname="tests.test_regression_v10.TestProfileEndpoints" name="test_profile_colors" time="0.063" /></testsuite></testsuites>