<?xml version="1.0" encoding="utf-8"?><testsuites name="pytest tests"><testsuite name="pytest" errors="0" failures="0" skipped="0" tests="22" time="26.167" timestamp="2026-04-01T17:17:14.641916+00:00" hostname="agent-env-4075ca6e-3463-4146-9d05-b0883a42bcf6"><testcase classname="backend.tests.test_payments_city_v15.TestRateCardAPI" name="test_rate_card_returns_200" time="0.287" /><testcase classname="backend.tests.test_payments_city_v15.TestRateCardAPI" name="test_rate_card_has_9_prices" time="19.596" /><testcase classname="backend.tests.test_payments_city_v15.TestRateCardAPI" name="test_rate_card_has_3_multipliers" time="0.192" /><testcase classname="backend.tests.test_payments_city_v15.TestRateCardAPI" name="test_rate_card_price_structure" time="0.116" /><testcase classname="backend.tests.test_payments_city_v15.TestRateCardAPI" name="test_rate_card_multiplier_structure" time="0.148" /><testcase classname="backend.tests.test_payments_city_v15.TestRateCardAPI" name="test_rate_card_price_values" time="0.117" /><testcase classname="backend.tests.test_payments_city_v15.TestRateCardAPI" name="test_rate_card_multiplier_values" time="0.147" /><testcase classname="backend.tests.test_payments_city_v15.TestCheckoutAPI" name="test_checkout_creates_session" time="0.794" /><testcase classname="backend.tests.test_payments_city_v15.TestCheckoutAPI" name="test_checkout_with_premium_placement" time="0.604" /><testcase classname="backend.tests.test_payments_city_v15.TestCheckoutAPI" name="test_checkout_with_top_tier_placement" time="0.713" /><testcase classname="backend.tests.test_payments_city_v15.TestCheckoutAPI" name="test_checkout_invalid_ad_size" time="0.107" /><testcase classname="backend.tests.test_payments_city_v15.TestCheckoutAPI" name="test_checkout_invalid_placement" time="0.144" /><testcase classname="backend.tests.test_payments_city_v15.TestCheckoutAPI" name="test_checkout_missing_required_fields" time="0.138" /><testcase classname="backend.tests.test_payments_city_v15.TestPaymentStatusAPI" name="test_payment_status_for_new_session" time="1.759" /><testcase classname="backend.tests.test_payments_city_v15.TestPaymentStatusAPI" name="test_payment_status_invalid_session" time="0.368" /><testcase classname="backend.tests.test_payments_city_v15.TestAdvertiseStatsAPI" name="test_advertise_stats_returns_200" time="0.119" /><testcase classname="backend.tests.test_payments_city_v15.TestAdvertiseStatsAPI" name="test_advertise_stats_has_required_fields" time="0.111" /><testcase classname="backend.tests.test_payments_city_v15.TestAdvertiseStatsAPI" name="test_advertise_stats_values" time="0.122" /><testcase classname="backend.tests.test_payments_city_v15.TestHomepageStatsAPI" name="test_homepage_stats_returns_200" time="0.128" /><testcase classname="backend.tests.test_payments_city_v15.TestHomepageStatsAPI" name="test_homepage_stats_values" time="0.138" /><testcase classname="backend.tests.test_payments_city_v15.TestFeaturedPostsAPI" name="test_featured_posts_returns_200" time="0.110" /><testcase classname="backend.tests.test_payments_city_v15.TestFeaturedPostsAPI" name="test_featured_posts_exist" time="0.129" /></testsuite></testsuites>