<?xml version="1.0" encoding="utf-8"?><testsuites name="pytest tests"><testsuite name="pytest" errors="0" failures="0" skipped="0" tests="27" time="8.960" timestamp="2026-03-12T02:35:34.959976+00:00" hostname="agent-env-0d60ba80-1d53-4104-87ce-9adc2317e1b3"><testcase classname="backend.tests.test_new_features.TestAuthSetup" name="test_login_works" time="0.513" /><testcase classname="backend.tests.test_new_features.TestPostEditing" name="test_author_can_edit_own_post" time="0.460" /><testcase classname="backend.tests.test_new_features.TestPostEditing" name="test_edit_returns_updated_at_field" time="0.074" /><testcase classname="backend.tests.test_new_features.TestPostEditing" name="test_edit_requires_authentication" time="0.051" /><testcase classname="backend.tests.test_new_features.TestPostEditing" name="test_edit_nonexistent_post_returns_404" time="0.066" /><testcase classname="backend.tests.test_new_features.TestPostDeletion" name="test_author_can_delete_own_post" time="0.553" /><testcase classname="backend.tests.test_new_features.TestPostDeletion" name="test_delete_requires_authentication" time="0.082" /><testcase classname="backend.tests.test_new_features.TestPostDeletion" name="test_delete_nonexistent_post_returns_404" time="0.063" /><testcase classname="backend.tests.test_new_features.TestPagination" name="test_pagination_fields_present" time="0.131" /><testcase classname="backend.tests.test_new_features.TestPagination" name="test_pagination_page_parameter" time="0.106" /><testcase classname="backend.tests.test_new_features.TestPagination" name="test_pagination_total_pages_calculation" time="0.060" /><testcase classname="backend.tests.test_new_features.TestPopularPosts" name="test_popular_posts_endpoint_exists" time="0.110" /><testcase classname="backend.tests.test_new_features.TestPopularPosts" name="test_popular_posts_has_limit_param" time="0.057" /><testcase classname="backend.tests.test_new_features.TestPopularPosts" name="test_popular_posts_sorted_by_likes_views" time="0.058" /><testcase classname="backend.tests.test_new_features.TestRelatedPosts" name="test_related_posts_endpoint_exists" time="0.231" /><testcase classname="backend.tests.test_new_features.TestRelatedPosts" name="test_related_posts_excludes_current_post" time="0.089" /><testcase classname="backend.tests.test_new_features.TestRelatedPosts" name="test_related_posts_has_limit" time="0.068" /><testcase classname="backend.tests.test_new_features.TestRelatedPosts" name="test_related_posts_for_nonexistent_returns_empty" time="0.066" /><testcase classname="backend.tests.test_new_features.TestNewsletterSubscription" name="test_subscribe_new_email" time="0.141" /><testcase classname="backend.tests.test_new_features.TestNewsletterSubscription" name="test_subscribe_already_subscribed" time="0.137" /><testcase classname="backend.tests.test_new_features.TestNewsletterSubscription" name="test_unsubscribe_email" time="0.128" /><testcase classname="backend.tests.test_new_features.TestNewsletterSubscription" name="test_unsubscribe_nonexistent_email" time="0.070" /><testcase classname="backend.tests.test_new_features.TestNewsletterSubscription" name="test_resubscribe_after_unsubscribe" time="0.210" /><testcase classname="backend.tests.test_new_features.TestWeeklyDigest" name="test_weekly_digest_requires_auth" time="0.109" /><testcase classname="backend.tests.test_new_features.TestWeeklyDigest" name="test_weekly_digest_requires_admin" time="0.340" /><testcase classname="backend.tests.test_new_features.TestWeeklyDigest" name="test_admin_can_trigger_weekly_digest" time="4.415" /><testcase classname="backend.tests.test_new_features.TestPostCreationStillWorks" name="test_authenticated_post_creation" time="0.464" /></testsuite></testsuites>