<?xml version="1.0" encoding="utf-8"?><testsuites name="pytest tests"><testsuite name="pytest" errors="0" failures="0" skipped="0" tests="26" time="11.085" timestamp="2026-03-13T15:46:35.609389+00:00" hostname="agent-env-62d9db50-7991-4ea4-a0c7-cc92f5594a8c"><testcase classname="backend.tests.test_new_features_v9.TestSetup" name="test_health_check" time="0.310" /><testcase classname="backend.tests.test_new_features_v9.TestAuthAndCredentials" name="test_alice_login" time="0.369" /><testcase classname="backend.tests.test_new_features_v9.TestAuthAndCredentials" name="test_bob_login" time="0.359" /><testcase classname="backend.tests.test_new_features_v9.TestAuthAndCredentials" name="test_admin_login" time="0.394" /><testcase classname="backend.tests.test_new_features_v9.TestUserSearch" name="test_search_requires_auth" time="0.140" /><testcase classname="backend.tests.test_new_features_v9.TestUserSearch" name="test_search_users_by_name" time="0.500" /><testcase classname="backend.tests.test_new_features_v9.TestUserSearch" name="test_search_minimum_query_length" time="0.538" /><testcase classname="backend.tests.test_new_features_v9.TestUserSearch" name="test_search_excludes_self" time="0.531" /><testcase classname="backend.tests.test_new_features_v9.TestPartnersFeature" name="test_get_partners_requires_auth" time="0.137" /><testcase classname="backend.tests.test_new_features_v9.TestPartnersFeature" name="test_get_partners" time="0.485" /><testcase classname="backend.tests.test_new_features_v9.TestPartnersFeature" name="test_get_partner_requests" time="0.525" /><testcase classname="backend.tests.test_new_features_v9.TestPartnersFeature" name="test_send_partner_request_requires_auth" time="0.168" /><testcase classname="backend.tests.test_new_features_v9.TestPartnersFeature" name="test_cannot_partner_with_self" time="0.523" /><testcase classname="backend.tests.test_new_features_v9.TestPartnersFeature" name="test_cannot_send_duplicate_request" time="0.874" /><testcase classname="backend.tests.test_new_features_v9.TestLikeToggle" name="test_check_liked_status_without_auth" time="0.289" /><testcase classname="backend.tests.test_new_features_v9.TestLikeToggle" name="test_check_liked_status_with_auth" time="0.644" /><testcase classname="backend.tests.test_new_features_v9.TestLikeToggle" name="test_like_toggle_behavior" time="0.945" /><testcase classname="backend.tests.test_new_features_v9.TestLikeToggle" name="test_guest_like_no_toggle" time="0.268" /><testcase classname="backend.tests.test_new_features_v9.TestEmailAnalyticsTracking" name="test_track_open_pixel" time="0.150" /><testcase classname="backend.tests.test_new_features_v9.TestEmailAnalyticsTracking" name="test_track_click_redirect" time="0.139" /><testcase classname="backend.tests.test_new_features_v9.TestEmailAnalyticsTracking" name="test_admin_analytics_requires_auth" time="0.131" /><testcase classname="backend.tests.test_new_features_v9.TestEmailAnalyticsTracking" name="test_admin_analytics_requires_admin_role" time="0.524" /><testcase classname="backend.tests.test_new_features_v9.TestEmailAnalyticsTracking" name="test_admin_analytics_returns_data" time="0.492" /><testcase classname="backend.tests.test_new_features_v9.TestCoAuthorPosts" name="test_partners_available_for_coauthor" time="0.501" /><testcase classname="backend.tests.test_new_features_v9.TestAcceptDeclinePartnership" name="test_accept_nonexistent_request" time="0.498" /><testcase classname="backend.tests.test_new_features_v9.TestAcceptDeclinePartnership" name="test_decline_nonexistent_request" time="0.561" /></testsuite></testsuites>