<?xml version="1.0" encoding="utf-8"?><testsuites name="pytest tests"><testsuite name="pytest" errors="0" failures="0" skipped="0" tests="11" time="3.237" timestamp="2026-03-22T09:00:53.542053+00:00" hostname="agent-env-202690aa-7e0c-4e6b-83ab-2f825a3835b1"><testcase classname="backend.tests.test_mention_features_v12.TestUserSearchAPI" name="test_user_search_basic" time="0.163" /><testcase classname="backend.tests.test_mention_features_v12.TestUserSearchAPI" name="test_user_search_empty_query" time="0.099" /><testcase classname="backend.tests.test_mention_features_v12.TestUserSearchAPI" name="test_user_search_with_post_id" time="0.199" /><testcase classname="backend.tests.test_mention_features_v12.TestUserSearchAPI" name="test_user_search_limit" time="0.099" /><testcase classname="backend.tests.test_mention_features_v12.TestCommentWithMentions" name="test_comment_with_mention" time="0.806" /><testcase classname="backend.tests.test_mention_features_v12.TestCommentWithMentions" name="test_get_comments_after_mention" time="0.526" /><testcase classname="backend.tests.test_mention_features_v12.TestNewsletterRegression" name="test_newsletter_subscribe" time="0.103" /><testcase classname="backend.tests.test_mention_features_v12.TestNewsletterRegression" name="test_newsletter_unsubscribe" time="0.224" /><testcase classname="backend.tests.test_mention_features_v12.TestAdminAnalyticsRegression" name="test_admin_stats_endpoint" time="0.426" /><testcase classname="backend.tests.test_mention_features_v12.TestAdminAnalyticsRegression" name="test_admin_digest_status" time="0.424" /><testcase classname="backend.tests.test_mention_features_v12.TestPublicStatsEndpoint" name="test_public_stats" time="0.101" /></testsuite></testsuites>