<?xml version="1.0" encoding="utf-8"?><testsuites name="pytest tests"><testsuite name="pytest" errors="0" failures="0" skipped="0" tests="16" time="2.152" timestamp="2026-03-12T01:05:57.219236+00:00" hostname="agent-env-0d60ba80-1d53-4104-87ce-9adc2317e1b3"><testcase classname="backend.tests.test_guest_expiration_notifications.TestGuestPostCreation" name="test_create_guest_post_without_auth" time="0.279" /><testcase classname="backend.tests.test_guest_expiration_notifications.TestGuestPostCreation" name="test_create_guest_post_without_guest_author_fails" time="0.054" /><testcase classname="backend.tests.test_guest_expiration_notifications.TestGuestPostCreation" name="test_authenticated_user_post_has_no_expiration" time="0.370" /><testcase classname="backend.tests.test_guest_expiration_notifications.TestGuestPostExpirationInListings" name="test_active_guest_post_appears_in_listings" time="0.138" /><testcase classname="backend.tests.test_guest_expiration_notifications.TestGuestPostExpirationInListings" name="test_include_expired_parameter" time="0.129" /><testcase classname="backend.tests.test_guest_expiration_notifications.TestGuestPostExpirationInListings" name="test_posts_have_expires_at_field" time="0.065" /><testcase classname="backend.tests.test_guest_expiration_notifications.TestGuestPostExpirationOnSinglePost" name="test_active_guest_post_not_expired" time="0.170" /><testcase classname="backend.tests.test_guest_expiration_notifications.TestGuestPostExpirationOnSinglePost" name="test_post_response_includes_expiration_info" time="0.141" /><testcase classname="backend.tests.test_guest_expiration_notifications.TestAdminStatsExpiredPosts" name="test_admin_stats_includes_expired_count" time="0.068" /><testcase classname="backend.tests.test_guest_expiration_notifications.TestAdminStatsExpiredPosts" name="test_admin_stats_includes_all_expected_fields" time="0.079" /><testcase classname="backend.tests.test_guest_expiration_notifications.TestNewPostNotifications" name="test_post_creation_completes_successfully" time="0.055" /><testcase classname="backend.tests.test_guest_expiration_notifications.TestNewPostNotifications" name="test_guest_post_also_triggers_notifications" time="0.133" /><testcase classname="backend.tests.test_guest_expiration_notifications.TestPostsFiltering" name="test_filter_by_category" time="0.173" /><testcase classname="backend.tests.test_guest_expiration_notifications.TestPostsFiltering" name="test_search_filter" time="0.164" /><testcase classname="backend.tests.test_guest_expiration_notifications.TestPostsFiltering" name="test_pagination" time="0.058" /><testcase classname="backend.tests.test_guest_expiration_notifications.TestCleanup" name="test_note_about_cleanup" time="0.000" /></testsuite></testsuites>