<?xml version="1.0" encoding="utf-8"?><testsuites name="pytest tests"><testsuite name="pytest" errors="0" failures="0" skipped="0" tests="18" time="3.216" timestamp="2026-03-22T13:32:36.832276+00:00" hostname="agent-env-4075ca6e-3463-4146-9d05-b0883a42bcf6"><testcase classname="backend.tests.test_featured_sponsored_v14.TestFeaturedPostsAPI" name="test_featured_posts_endpoint_returns_200" time="0.230" /><testcase classname="backend.tests.test_featured_sponsored_v14.TestFeaturedPostsAPI" name="test_featured_posts_returns_list" time="0.109" /><testcase classname="backend.tests.test_featured_sponsored_v14.TestFeaturedPostsAPI" name="test_featured_posts_have_is_featured_true" time="0.100" /><testcase classname="backend.tests.test_featured_sponsored_v14.TestFeaturedPostsAPI" name="test_featured_posts_count_is_7" time="0.111" /><testcase classname="backend.tests.test_featured_sponsored_v14.TestFeaturedPostsAPI" name="test_featured_posts_have_required_fields" time="0.111" /><testcase classname="backend.tests.test_featured_sponsored_v14.TestSponsoredPostsAPI" name="test_sponsored_posts_in_featured_list" time="0.103" /><testcase classname="backend.tests.test_featured_sponsored_v14.TestSponsoredPostsAPI" name="test_sponsored_posts_have_sponsor_name" time="0.102" /><testcase classname="backend.tests.test_featured_sponsored_v14.TestSponsoredPostsAPI" name="test_sponsored_posts_have_expected_sponsors" time="0.101" /><testcase classname="backend.tests.test_featured_sponsored_v14.TestAdvertisePageAPI" name="test_advertise_stats_endpoint" time="0.125" /><testcase classname="backend.tests.test_featured_sponsored_v14.TestAdvertisePageAPI" name="test_advertise_stats_values" time="0.102" /><testcase classname="backend.tests.test_featured_sponsored_v14.TestAdvertisePageAPI" name="test_advertise_inquiry_submission" time="0.118" /><testcase classname="backend.tests.test_featured_sponsored_v14.TestAdvertisePageAPI" name="test_advertise_inquiry_required_fields" time="0.116" /><testcase classname="backend.tests.test_featured_sponsored_v14.TestAdminFeaturedSponsoredAPI" name="test_admin_toggle_featured_endpoint" time="0.775" /><testcase classname="backend.tests.test_featured_sponsored_v14.TestAdminFeaturedSponsoredAPI" name="test_admin_set_sponsor_endpoint" time="0.377" /><testcase classname="backend.tests.test_featured_sponsored_v14.TestAdminFeaturedSponsoredAPI" name="test_admin_get_ad_inquiries" time="0.109" /><testcase classname="backend.tests.test_featured_sponsored_v14.TestAdminFeaturedSponsoredAPI" name="test_admin_update_inquiry_status" time="0.214" /><testcase classname="backend.tests.test_featured_sponsored_v14.TestAdminFeaturedSponsoredAPI" name="test_admin_requires_auth" time="0.101" /><testcase classname="backend.tests.test_featured_sponsored_v14.TestHomepageStatsAPI" name="test_stats_endpoint" time="0.124" /></testsuite></testsuites>