<?xml version="1.0" encoding="utf-8"?><testsuites name="pytest tests"><testsuite name="pytest" errors="0" failures="0" skipped="0" tests="16" time="4.005" timestamp="2026-03-12T00:44:05.061357+00:00" hostname="agent-env-9f3bb01d-e629-4506-871c-ff6caebc54fb"><testcase classname="backend.tests.test_auth_admin.TestHealthAndBasic" name="test_stats_endpoint" time="0.183" /><testcase classname="backend.tests.test_auth_admin.TestUserLogin" name="test_login_with_demo_admin" time="0.282" /><testcase classname="backend.tests.test_auth_admin.TestUserLogin" name="test_login_invalid_credentials" time="0.287" /><testcase classname="backend.tests.test_auth_admin.TestUserLogin" name="test_login_nonexistent_user" time="0.058" /><testcase classname="backend.tests.test_auth_admin.TestUserRegistration" name="test_register_new_user" time="0.366" /><testcase classname="backend.tests.test_auth_admin.TestUserRegistration" name="test_register_duplicate_email" time="0.075" /><testcase classname="backend.tests.test_auth_admin.TestAdminSetup" name="test_self_promote_without_auth" time="0.058" /><testcase classname="backend.tests.test_auth_admin.TestAdminSetup" name="test_self_promote_wrong_key" time="0.360" /><testcase classname="backend.tests.test_auth_admin.TestAdminSetup" name="test_self_promote_correct_key" time="0.414" /><testcase classname="backend.tests.test_auth_admin.TestAdminToggleUsers" name="test_toggle_admin_without_auth" time="0.057" /><testcase classname="backend.tests.test_auth_admin.TestAdminToggleUsers" name="test_toggle_admin_as_non_admin" time="0.347" /><testcase classname="backend.tests.test_auth_admin.TestAdminToggleUsers" name="test_toggle_admin_for_other_user" time="0.822" /><testcase classname="backend.tests.test_auth_admin.TestAdminToggleUsers" name="test_admin_cannot_toggle_self" time="0.124" /><testcase classname="backend.tests.test_auth_admin.TestAdminPanel" name="test_admin_stats" time="0.065" /><testcase classname="backend.tests.test_auth_admin.TestAdminPanel" name="test_admin_users_list" time="0.080" /><testcase classname="backend.tests.test_auth_admin.TestAdminPanel" name="test_admin_stats_non_admin" time="0.347" /></testsuite></testsuites>