<?xml version="1.0" encoding="utf-8"?><testsuites name="pytest tests"><testsuite name="pytest" errors="0" failures="0" skipped="0" tests="19" time="9.784" timestamp="2026-03-12T03:00:51.995744+00:00" hostname="agent-env-62d9db50-7991-4ea4-a0c7-cc92f5594a8c"><testcase classname="tests.test_weekly_digest.TestNewsletterSubscription" name="test_subscribe_new_email" time="0.243" /><testcase classname="tests.test_weekly_digest.TestNewsletterSubscription" name="test_subscribe_already_subscribed_email" time="0.114" /><testcase classname="tests.test_weekly_digest.TestNewsletterSubscription" name="test_unsubscribe_email" time="0.117" /><testcase classname="tests.test_weekly_digest.TestNewsletterSubscription" name="test_unsubscribe_nonexistent_email" time="0.052" /><testcase classname="tests.test_weekly_digest.TestNewsletterSubscription" name="test_resubscribe_after_unsubscribe" time="0.174" /><testcase classname="tests.test_weekly_digest.TestAdminDigestStatus" name="test_digest_status_requires_auth" time="0.139" /><testcase classname="tests.test_weekly_digest.TestAdminDigestStatus" name="test_digest_status_requires_admin" time="0.356" /><testcase classname="tests.test_weekly_digest.TestAdminDigestStatus" name="test_digest_status_returns_expected_fields" time="0.340" /><testcase classname="tests.test_weekly_digest.TestAdminDigestStatus" name="test_digest_status_shows_last_digest" time="0.060" /><testcase classname="tests.test_weekly_digest.TestAdminSendDigest" name="test_send_digest_requires_auth" time="0.127" /><testcase classname="tests.test_weekly_digest.TestAdminSendDigest" name="test_send_digest_requires_admin" time="0.358" /><testcase classname="tests.test_weekly_digest.TestAdminSendDigest" name="test_admin_can_trigger_digest" time="5.747" /><testcase classname="tests.test_weekly_digest.TestAdminSendDigest" name="test_digest_logs_after_send" time="0.075" /><testcase classname="tests.test_weekly_digest.TestAdminSubscribersList" name="test_subscribers_requires_auth" time="0.252" /><testcase classname="tests.test_weekly_digest.TestAdminSubscribersList" name="test_subscribers_requires_admin" time="0.340" /><testcase classname="tests.test_weekly_digest.TestAdminSubscribersList" name="test_subscribers_returns_list" time="0.340" /><testcase classname="tests.test_weekly_digest.TestAdminDeleteExpiredGuests" name="test_delete_expired_requires_auth" time="0.138" /><testcase classname="tests.test_weekly_digest.TestAdminDeleteExpiredGuests" name="test_delete_expired_requires_admin" time="0.359" /><testcase classname="tests.test_weekly_digest.TestAdminDeleteExpiredGuests" name="test_delete_expired_works" time="0.354" /></testsuite></testsuites>