<?xml version="1.0" encoding="utf-8"?><testsuites name="pytest tests"><testsuite name="pytest" errors="0" failures="0" skipped="0" tests="15" time="4.587" timestamp="2026-04-02T16:25:24.237709+00:00" hostname="agent-env-4075ca6e-3463-4146-9d05-b0883a42bcf6"><testcase classname="backend.tests.test_admin_campaigns_v16.TestAdminAuth" name="test_admin_login" time="0.392" /><testcase classname="backend.tests.test_admin_campaigns_v16.TestAdminCampaignsAPI" name="test_campaigns_requires_auth" time="0.582" /><testcase classname="backend.tests.test_admin_campaigns_v16.TestAdminCampaignsAPI" name="test_campaigns_returns_200" time="0.470" /><testcase classname="backend.tests.test_admin_campaigns_v16.TestAdminCampaignsAPI" name="test_campaigns_has_revenue_section" time="0.240" /><testcase classname="backend.tests.test_admin_campaigns_v16.TestAdminCampaignsAPI" name="test_campaigns_has_featured_section" time="0.106" /><testcase classname="backend.tests.test_admin_campaigns_v16.TestAdminCampaignsAPI" name="test_campaigns_featured_posts_structure" time="0.101" /><testcase classname="backend.tests.test_admin_campaigns_v16.TestAdminCampaignsAPI" name="test_campaigns_has_sponsored_section" time="0.132" /><testcase classname="backend.tests.test_admin_campaigns_v16.TestAdminCampaignsAPI" name="test_campaigns_has_inquiry_pipeline" time="0.118" /><testcase classname="backend.tests.test_admin_campaigns_v16.TestAdminCampaignsAPI" name="test_campaigns_has_recent_bookings" time="0.134" /><testcase classname="backend.tests.test_admin_campaigns_v16.TestAdminCampaignsAPI" name="test_campaigns_has_recent_transactions" time="0.124" /><testcase classname="backend.tests.test_admin_campaigns_v16.TestExistingAPIs" name="test_rate_card_still_works" time="0.131" /><testcase classname="backend.tests.test_admin_campaigns_v16.TestExistingAPIs" name="test_checkout_still_works" time="1.038" /><testcase classname="backend.tests.test_admin_campaigns_v16.TestExistingAPIs" name="test_featured_posts_still_works" time="0.369" /><testcase classname="backend.tests.test_admin_campaigns_v16.TestExistingAPIs" name="test_homepage_stats_still_works" time="0.118" /><testcase classname="backend.tests.test_admin_campaigns_v16.TestAdminStatsAPI" name="test_admin_stats_returns_200" time="0.450" /></testsuite></testsuites>