<?xml version="1.0" encoding="utf-8"?><testsuites name="pytest tests"><testsuite name="pytest" errors="0" failures="1" skipped="0" tests="8" time="1.065" timestamp="2026-03-22T09:42:27.748974+00:00" hostname="agent-env-4075ca6e-3463-4146-9d05-b0883a42bcf6"><testcase classname="backend.tests.test_deployment_guide_v13.TestStatsAPI" name="test_stats_endpoint_returns_correct_values" time="0.152" /><testcase classname="backend.tests.test_deployment_guide_v13.TestCategoriesAPI" name="test_categories_endpoint" time="0.113" /><testcase classname="backend.tests.test_deployment_guide_v13.TestPostsAPI" name="test_posts_endpoint" time="0.101" /><testcase classname="backend.tests.test_deployment_guide_v13.TestUserSearchAPI" name="test_user_search_returns_results" time="0.109" /><testcase classname="backend.tests.test_deployment_guide_v13.TestUserSearchAPI" name="test_user_search_empty_query" time="0.131" /><testcase classname="backend.tests.test_deployment_guide_v13.TestNewsletterAPI" name="test_newsletter_subscribe" time="0.151" /><testcase classname="backend.tests.test_deployment_guide_v13.TestPopularPostsAPI" name="test_popular_posts_endpoint" time="0.131" /><testcase classname="backend.tests.test_deployment_guide_v13.TestHealthEndpoint" name="test_health_endpoint" time="0.095"><failure message="AssertionError: Health endpoint failed: {&quot;detail&quot;:&quot;Not Found&quot;}&#10;assert 404 == 200&#10; +  where 404 = &lt;Response [404]&gt;.status_code">backend/tests/test_deployment_guide_v13.py:133: in test_health_endpoint
    assert response.status_code == 200, f"Health endpoint failed: {response.text}"
E   AssertionError: Health endpoint failed: {"detail":"Not Found"}
E   assert 404 == 200
E    +  where 404 = &lt;Response [404]&gt;.status_code</failure></testcase></testsuite></testsuites>